<?xml version="1.0" encoding="UTF-8"?>
<!-- Generated by org.testng.reporters.JUnitXMLReporter -->
<testsuite ignored="0" hostname="DESKTOP-MII9V2V" failures="0" tests="5" name="Test1" time="26.225" errors="0" timestamp="2020-10-29T19:48:15 EDT">
  <testcase classname="FacebookTest.chromeFBtest" name="navigate" time="3.06"/>
  <testcase classname="FacebookTest.chromeFBtest" name="pageTitle" time="0.046"/>
  <testcase classname="FacebookTest.chromeFBtest" name="LoginTestxpath" time="7.882"/>
  <testcase classname="FacebookTest.chromeFBtest" name="negLogin1" time="4.578"/>
  <testcase classname="FacebookTest.chromeFBtest" name="negLogin2" time="2.74"/>
</testsuite> <!-- Test1 -->
