<?xml version="1.0" encoding="UTF-8"?>
<!-- Generated by org.testng.reporters.JUnitXMLReporter -->
<testsuite ignored="0" hostname="DESKTOP-MII9V2V" failures="0" tests="15" name="Test1" time="75.371" errors="0" timestamp="2020-11-01T19:54:07 EST">
  <testcase classname="FacebookTest.chromeFBtest" name="navigate" time="2.017"/>
  <testcase classname="FacebookTest.chromeFBtest" name="pageTitle" time="0.018"/>
  <testcase classname="FacebookTest.chromeFBtest" name="LoginTestxpath" time="6.327"/>
  <testcase classname="FacebookTest.chromeFBtest" name="negLogin1" time="4.527"/>
  <testcase classname="FacebookTest.chromeFBtest" name="negLogin2" time="2.379"/>
  <testcase classname="FacebookTest.firefoxFBtest" name="navigate" time="3.622"/>
  <testcase classname="FacebookTest.firefoxFBtest" name="pageTitle" time="0.068"/>
  <testcase classname="FacebookTest.firefoxFBtest" name="LoginTestxpath" time="6.595"/>
  <testcase classname="FacebookTest.firefoxFBtest" name="negLogin1" time="4.289"/>
  <testcase classname="FacebookTest.firefoxFBtest" name="negLogin2" time="2.335"/>
  <testcase classname="FacebookTest.edgeFBtest" name="navigate" time="3.812"/>
  <testcase classname="FacebookTest.edgeFBtest" name="pageTitle" time="0.013"/>
  <testcase classname="FacebookTest.edgeFBtest" name="LoginTestxpath" time="9.016"/>
  <testcase classname="FacebookTest.edgeFBtest" name="negLogin1" time="4.592"/>
  <testcase classname="FacebookTest.edgeFBtest" name="negLogin2" time="2.381"/>
</testsuite> <!-- Test1 -->
