<?xml version="1.0" encoding="UTF-8"?>
<testsuite xmlns:xsi="http://www.w3.org/2001/XMLSchema-instance" xsi:noNamespaceSchemaLocation="https://maven.apache.org/surefire/maven-surefire-plugin/xsd/surefire-test-report-3.0.xsd" version="3.0" name="TestSuite" time="77.243" tests="15" errors="0" skipped="0" failures="0">
  <properties>
[...]
</properties>
  <testcase name="navigate" classname="FacebookTest.chromeFBtest" time="1.928">
    <system-err><![CDATA[Starting ChromeDriver 86.0.4240.22 (398b0743353ff36fb1b82468f63a3a93b4e2e89e-refs/branch-heads/4240@{#378}) on port 4000
Only local connections are allowed.
Please see https://chromedriver.chromium.org/security-considerations for suggestions on keeping ChromeDriver safe.
ChromeDriver was started successfully.
Nov. 01, 2020 7:52:56 P.M. org.openqa.selenium.remote.ProtocolHandshake createSession
INFO: Detected dialect: W3C
]]></system-err>
  </testcase>
  <testcase name="pageTitle" classname="FacebookTest.chromeFBtest" time="0.016"/>
  <testcase name="LoginTestxpath" classname="FacebookTest.chromeFBtest" time="6.327"/>
  <testcase name="negLogin1" classname="FacebookTest.chromeFBtest" time="4.527"/>
  <testcase name="negLogin2" classname="FacebookTest.chromeFBtest" time="2.38"/>
  <testcase name="navigate" classname="FacebookTest.firefoxFBtest" time="3.474">
    <system-err><![CDATA[1604278393674	geckodriver	INFO	Listening on 127.0.0.1:29052
1604278394105	mozrunner::runner	INFO	Running command: "C:\\Program Files\\Mozilla Firefox\\firefox.exe" "--marionette" "-foreground" "-no-remote" "-profile" "C:\\Users\\ACER\\AppData\\Local\\Temp\\rust_mozprofileONJqLw"
JavaScript error: resource://gre/modules/XULStore.jsm, line 66: Error: Can't find profile directory.
console.warn: SearchSettings: "get: No settings file exists, new profile?" (new Error("", "(unknown module)"))
1604278400323	Marionette	INFO	Listening on port 52251
1604278400663	Marionette	WARN	TLS certificate errors will be ignored for this session
Nov. 01, 2020 7:53:20 P.M. org.openqa.selenium.remote.ProtocolHandshake createSession
INFO: Detected dialect: W3C
]]></system-err>
  </testcase>
  <testcase name="pageTitle" classname="FacebookTest.firefoxFBtest" time="0.067"/>
  <testcase name="LoginTestxpath" classname="FacebookTest.firefoxFBtest" time="6.599">
    <system-err><![CDATA[Can't find symbol 'eglSwapBuffersWithDamageEXT'.
]]></system-err>
  </testcase>
  <testcase name="negLogin1" classname="FacebookTest.firefoxFBtest" time="4.287"/>
  <testcase name="negLogin2" classname="FacebookTest.firefoxFBtest" time="2.332"/>
  <testcase name="navigate" classname="FacebookTest.edgeFBtest" time="3.687">
    <system-err><![CDATA[1604278417719	Marionette	INFO	Stopped listening on port 52251

###!!! [Child][RunMessage] Error: Channel closing: too late to send/recv, messages will be lost


###!!! [Child][MessageChannel::SendAndWait] Error: Channel error: cannot send/recv

Starting MSEdgeDriver 86.0.622.58 (941cf65c609bc23e56355c2d9e0b9707cbe7dfc0) on port 40850
Only local connections are allowed.
Please see https://chromedriver.chromium.org/security-considerations for suggestions on keeping MSEdgeDriver safe.
MSEdgeDriver was started successfully.
Nov. 01, 2020 7:53:45 P.M. org.openqa.selenium.remote.ProtocolHandshake createSession
INFO: Detected dialect: W3C
]]></system-err>
  </testcase>
  <testcase name="pageTitle" classname="FacebookTest.edgeFBtest" time="0.013"/>
  <testcase name="LoginTestxpath" classname="FacebookTest.edgeFBtest" time="9.016"/>
  <testcase name="negLogin1" classname="FacebookTest.edgeFBtest" time="4.592"/>
  <testcase name="negLogin2" classname="FacebookTest.edgeFBtest" time="2.382"/>
</testsuite>